Building DAG of jobs...
Using shell: /bin/bash
Provided cores: 56
Rules claiming more threads will be scaled down.
Job counts:
	count	jobs
	1	plot_pca
	1	run_pca
	2

[Mon Sep 14 20:03:38 2020]
rule run_pca:
    input: 1kg_IDS/EAS.txt
    output: output/PCA/EAS/EAS_0.01.eigenvec.var
    jobid: 1
    wildcards: POP=EAS, MAF=0.01

[Mon Sep 14 20:06:47 2020]
Finished job 1.
1 of 2 steps (50%) done

[Mon Sep 14 20:06:47 2020]
rule plot_pca:
    input: output/PCA/EAS/EAS_0.01.eigenvec.var
    output: output/figures/EAS/EAS_0.01_PCA.png
    jobid: 0
    wildcards: POP=EAS, MAF=0.01

[Mon Sep 14 20:06:59 2020]
Finished job 0.
2 of 2 steps (100%) done
Complete log: /project2/jjberg/jgblanc/PCA/.snakemake/log/2020-09-14T200336.283089.snakemake.log
