Building DAG of jobs...
Using shell: /bin/bash
Provided cluster nodes: 500
Job counts:
	count	jobs
	1	LD_pruning
	1	add_evo_info
	1	all
	1	plot_loadings
	1	plot_pca
	1	run_pca
	6

[Thu Sep 17 17:10:16 2020]
rule plot_pca:
    input: output/PCA/ALL/ALL_0.01.eigenvec
    output: output/figures/ALL/ALL_0.01_PCA.png
    jobid: 1
    wildcards: POP=ALL, MAF=0.01

Error submitting jobscript (exit code 127):

Job failed, going on with independent jobs.

[Thu Sep 17 17:10:16 2020]
rule run_pca:
    input: 1kg_IDS/ALL.txt
    output: output/PCA/ALL/ALL_0.01.eigenvec.var
    jobid: 5
    wildcards: POP=ALL, MAF=0.01

plink -bfile ../../data/1kg/plink-files/files/ALL.phase3_shapeit2_mvncall_integrated_v5a.20130502.genotypes --keep 1kg_IDS/ALL.txt --pca var-wts --out output/PCA/ALL/ALL_0.01 --maf 0.01 --no-sex  --noweb --no-pheno
Error submitting jobscript (exit code 127):

Job failed, going on with independent jobs.
Terminating processes on user request, this might take some time.
Will exit after finishing currently running jobs.
Cancelling snakemake on user request.
