Building DAG of jobs...
Using shell: /bin/bash
Provided cores: 56
Rules claiming more threads will be scaled down.
Job counts:
	count	jobs
	1	plot_pca
	1	run_pca
	2

[Mon Sep 14 20:20:46 2020]
rule run_pca:
    input: 1kg_IDS/SAS.txt
    output: output/PCA/SAS/SAS_0.01.eigenvec.var
    jobid: 1
    wildcards: POP=SAS, MAF=0.01

[Mon Sep 14 20:23:47 2020]
Finished job 1.
1 of 2 steps (50%) done

[Mon Sep 14 20:23:47 2020]
rule plot_pca:
    input: output/PCA/SAS/SAS_0.01.eigenvec.var
    output: output/figures/SAS/SAS_0.01_PCA.png
    jobid: 0
    wildcards: POP=SAS, MAF=0.01

[Mon Sep 14 20:23:51 2020]
Finished job 0.
2 of 2 steps (100%) done
Complete log: /project2/jjberg/jgblanc/PCA/.snakemake/log/2020-09-14T202046.001252.snakemake.log
