Building DAG of jobs...
Using shell: /bin/bash
Provided cores: 56
Rules claiming more threads will be scaled down.
Job counts:
	count	jobs
	1	plot_pca
	1	run_pca
	2

[Mon Sep 14 20:12:54 2020]
rule run_pca:
    input: 1kg_IDS/AFR.txt
    output: output/PCA/AFR/AFR_0.01.eigenvec.var
    jobid: 1
    wildcards: POP=AFR, MAF=0.01

[Mon Sep 14 20:16:13 2020]
Finished job 1.
1 of 2 steps (50%) done

[Mon Sep 14 20:16:13 2020]
rule plot_pca:
    input: output/PCA/AFR/AFR_0.01.eigenvec.var
    output: output/figures/AFR/AFR_0.01_PCA.png
    jobid: 0
    wildcards: POP=AFR, MAF=0.01

[Mon Sep 14 20:16:19 2020]
Finished job 0.
2 of 2 steps (100%) done
Complete log: /project2/jjberg/jgblanc/PCA/.snakemake/log/2020-09-14T201254.662484.snakemake.log
