Building DAG of jobs...
Using shell: /bin/bash
Provided cluster nodes: 500
Job counts:
	count	jobs
	1	LD_pruning
	1	all
	1	plot_loadings
	3

[Sun Sep 20 18:27:58 2020]
rule LD_pruning:
    input: output/PCA/AMR/AMR_0.01.eigenvec.var.evo
    output: output/pruned/AMR/AMR_0.01.50_5_0.5.DA.prune.in
    jobid: 5
    wildcards: POP=AMR, MAF=0.01, window=50, step=5, thresh=0.5


        cut -f2,25 -d',' output/PCA/AMR/AMR_0.01.eigenvec.var.evo > all_ss.temp
	awk '$2 != "NA"' FS=',' all_ss.temp | cut -f1 -d',' > all_ss.snps #Pick only D/A SNPs and get rsID 
        plink         --noweb         --bfile ../../data/1kg/plink-files/files/ALL.phase3_shapeit2_mvncall_integrated_v5a.20130502.genotypes         --extract all_ss.snps         --make-bed         --out all_ss_plink 
        plink         --bfile all_ss_plink         --indep-pairwise 50 5 0.5         --noweb         --out "output/pruned/AMR/AMR_0.01.50_5_0.5.DA"
	rm all_ss*
        
Submitted job 5 with external jobid 'Submitted batch job 4931864'.

[Sun Sep 20 18:27:58 2020]
rule plot_loadings:
    input: output/PCA/AMR/AMR_0.01.eigenvec.var.evo, output/pruned/AMR/AMR_0.01.50_5_0.5.DA.prune.in
    output: output/figures/AMR/AMR_0.01.50_5_0.5.png
    jobid: 2
    wildcards: POP=AMR, MAF=0.01, window=50, step=5, thresh=0.5

Submitted job 2 with external jobid 'Submitted batch job 4931866'.

[Sun Sep 20 18:27:58 2020]
localrule all:
    input: output/figures/AMR/AMR_0.01_PCA.png, output/figures/AMR/AMR_0.01.50_5_0.5.png
    jobid: 0

Submitted job 0 with external jobid 'Submitted batch job 4931868'.
Complete log: /project2/jjberg/jgblanc/PCA/.snakemake/log/2020-09-20T182755.230339.snakemake.log
