Building DAG of jobs...
Using shell: /bin/bash
Provided cluster nodes: 500
Job counts:
	count	jobs
	8	LD_pruning
	8	add_evo_info
	1	all
	8	plot_loadings
	8	plot_pca
	8	run_pca
	41

[Fri Sep 18 13:58:42 2020]
rule run_pca:
    input: 1kg_IDS/ALL.txt
    output: output/PCA/ALL/ALL_0.01.eigenvec, output/PCA/ALL/ALL_0.01.eigenvec.var
    jobid: 17
    wildcards: POP=ALL, MAF=0.01

plink -bfile ../../data/1kg/plink-files/files/ALL.phase3_shapeit2_mvncall_integrated_v5a.20130502.genotypes --keep 1kg_IDS/ALL.txt --pca var-wts --out output/PCA/ALL/ALL_0.01 --maf 0.01 --no-sex  --noweb --no-pheno
Submitted job 17 with external jobid 'Submitted batch job 4773836'.

[Fri Sep 18 13:58:42 2020]
rule run_pca:
    input: 1kg_IDS/EUR.txt
    output: output/PCA/EUR/EUR_0.01.eigenvec, output/PCA/EUR/EUR_0.01.eigenvec.var
    jobid: 19
    wildcards: POP=EUR, MAF=0.01

plink -bfile ../../data/1kg/plink-files/files/ALL.phase3_shapeit2_mvncall_integrated_v5a.20130502.genotypes --keep 1kg_IDS/EUR.txt --pca var-wts --out output/PCA/EUR/EUR_0.01 --maf 0.01 --no-sex  --noweb --no-pheno
Submitted job 19 with external jobid 'Submitted batch job 4773837'.

[Fri Sep 18 13:58:43 2020]
rule run_pca:
    input: 1kg_IDS/AFR.txt
    output: output/PCA/AFR/AFR_0.01.eigenvec, output/PCA/AFR/AFR_0.01.eigenvec.var
    jobid: 21
    wildcards: POP=AFR, MAF=0.01

plink -bfile ../../data/1kg/plink-files/files/ALL.phase3_shapeit2_mvncall_integrated_v5a.20130502.genotypes --keep 1kg_IDS/AFR.txt --pca var-wts --out output/PCA/AFR/AFR_0.01 --maf 0.01 --no-sex  --noweb --no-pheno
Submitted job 21 with external jobid 'Submitted batch job 4773838'.

[Fri Sep 18 13:58:43 2020]
rule run_pca:
    input: 1kg_IDS/AA.txt
    output: output/PCA/AA/AA_0.01.eigenvec, output/PCA/AA/AA_0.01.eigenvec.var
    jobid: 23
    wildcards: POP=AA, MAF=0.01

plink -bfile ../../data/1kg/plink-files/files/ALL.phase3_shapeit2_mvncall_integrated_v5a.20130502.genotypes --keep 1kg_IDS/AA.txt --pca var-wts --out output/PCA/AA/AA_0.01 --maf 0.01 --no-sex  --noweb --no-pheno
Submitted job 23 with external jobid 'Submitted batch job 4773839'.

[Fri Sep 18 13:58:43 2020]
rule run_pca:
    input: 1kg_IDS/EAS.txt
    output: output/PCA/EAS/EAS_0.01.eigenvec, output/PCA/EAS/EAS_0.01.eigenvec.var
    jobid: 18
    wildcards: POP=EAS, MAF=0.01

plink -bfile ../../data/1kg/plink-files/files/ALL.phase3_shapeit2_mvncall_integrated_v5a.20130502.genotypes --keep 1kg_IDS/EAS.txt --pca var-wts --out output/PCA/EAS/EAS_0.01 --maf 0.01 --no-sex  --noweb --no-pheno
Submitted job 18 with external jobid 'Submitted batch job 4773840'.

[Fri Sep 18 13:58:44 2020]
rule run_pca:
    input: 1kg_IDS/SAS.txt
    output: output/PCA/SAS/SAS_0.01.eigenvec, output/PCA/SAS/SAS_0.01.eigenvec.var
    jobid: 20
    wildcards: POP=SAS, MAF=0.01

plink -bfile ../../data/1kg/plink-files/files/ALL.phase3_shapeit2_mvncall_integrated_v5a.20130502.genotypes --keep 1kg_IDS/SAS.txt --pca var-wts --out output/PCA/SAS/SAS_0.01 --maf 0.01 --no-sex  --noweb --no-pheno
Submitted job 20 with external jobid 'Submitted batch job 4773841'.

[Fri Sep 18 13:58:44 2020]
rule run_pca:
    input: 1kg_IDS/AMR.txt
    output: output/PCA/AMR/AMR_0.01.eigenvec, output/PCA/AMR/AMR_0.01.eigenvec.var
    jobid: 22
    wildcards: POP=AMR, MAF=0.01

plink -bfile ../../data/1kg/plink-files/files/ALL.phase3_shapeit2_mvncall_integrated_v5a.20130502.genotypes --keep 1kg_IDS/AMR.txt --pca var-wts --out output/PCA/AMR/AMR_0.01 --maf 0.01 --no-sex  --noweb --no-pheno
Submitted job 22 with external jobid 'Submitted batch job 4773842'.

[Fri Sep 18 13:58:44 2020]
rule run_pca:
    input: 1kg_IDS/MX.txt
    output: output/PCA/MX/MX_0.01.eigenvec, output/PCA/MX/MX_0.01.eigenvec.var
    jobid: 24
    wildcards: POP=MX, MAF=0.01

plink -bfile ../../data/1kg/plink-files/files/ALL.phase3_shapeit2_mvncall_integrated_v5a.20130502.genotypes --keep 1kg_IDS/MX.txt --pca var-wts --out output/PCA/MX/MX_0.01 --maf 0.01 --no-sex  --noweb --no-pheno
Submitted job 24 with external jobid 'Submitted batch job 4773843'.

[Fri Sep 18 13:58:44 2020]
rule plot_pca:
    input: output/PCA/SAS/SAS_0.01.eigenvec
    output: output/figures/SAS/SAS_0.01_PCA.png
    jobid: 4
    wildcards: POP=SAS, MAF=0.01

Submitted job 4 with external jobid 'Submitted batch job 4773844'.

[Fri Sep 18 13:58:45 2020]
rule plot_pca:
    input: output/PCA/MX/MX_0.01.eigenvec
    output: output/figures/MX/MX_0.01_PCA.png
    jobid: 8
    wildcards: POP=MX, MAF=0.01

Submitted job 8 with external jobid 'Submitted batch job 4773845'.

[Fri Sep 18 13:58:45 2020]
rule add_evo_info:
    input: output/PCA/EAS/EAS_0.01.eigenvec.var
    output: output/PCA/EAS/EAS_0.01.eigenvec.var.evo
    jobid: 27
    wildcards: POP=EAS, MAF=0.01

Submitted job 27 with external jobid 'Submitted batch job 4773846'.

[Fri Sep 18 13:58:45 2020]
rule add_evo_info:
    input: output/PCA/AA/AA_0.01.eigenvec.var
    output: output/PCA/AA/AA_0.01.eigenvec.var.evo
    jobid: 37
    wildcards: POP=AA, MAF=0.01

Submitted job 37 with external jobid 'Submitted batch job 4773847'.

[Fri Sep 18 13:58:46 2020]
rule plot_pca:
    input: output/PCA/ALL/ALL_0.01.eigenvec
    output: output/figures/ALL/ALL_0.01_PCA.png
    jobid: 1
    wildcards: POP=ALL, MAF=0.01

Submitted job 1 with external jobid 'Submitted batch job 4773848'.

[Fri Sep 18 13:58:46 2020]
rule add_evo_info:
    input: output/PCA/SAS/SAS_0.01.eigenvec.var
    output: output/PCA/SAS/SAS_0.01.eigenvec.var.evo
    jobid: 31
    wildcards: POP=SAS, MAF=0.01

Submitted job 31 with external jobid 'Submitted batch job 4773849'.

[Fri Sep 18 13:58:46 2020]
rule add_evo_info:
    input: output/PCA/AMR/AMR_0.01.eigenvec.var
    output: output/PCA/AMR/AMR_0.01.eigenvec.var.evo
    jobid: 35
    wildcards: POP=AMR, MAF=0.01

Submitted job 35 with external jobid 'Submitted batch job 4773850'.

[Fri Sep 18 13:58:46 2020]
rule plot_pca:
    input: output/PCA/AFR/AFR_0.01.eigenvec
    output: output/figures/AFR/AFR_0.01_PCA.png
    jobid: 5
    wildcards: POP=AFR, MAF=0.01

Submitted job 5 with external jobid 'Submitted batch job 4773851'.

[Fri Sep 18 13:58:47 2020]
rule add_evo_info:
    input: output/PCA/MX/MX_0.01.eigenvec.var
    output: output/PCA/MX/MX_0.01.eigenvec.var.evo
    jobid: 39
    wildcards: POP=MX, MAF=0.01

Submitted job 39 with external jobid 'Submitted batch job 4773852'.

[Fri Sep 18 13:58:47 2020]
rule plot_pca:
    input: output/PCA/EAS/EAS_0.01.eigenvec
    output: output/figures/EAS/EAS_0.01_PCA.png
    jobid: 2
    wildcards: POP=EAS, MAF=0.01

Submitted job 2 with external jobid 'Submitted batch job 4773853'.

[Fri Sep 18 13:58:47 2020]
rule plot_pca:
    input: output/PCA/AMR/AMR_0.01.eigenvec
    output: output/figures/AMR/AMR_0.01_PCA.png
    jobid: 6
    wildcards: POP=AMR, MAF=0.01

Submitted job 6 with external jobid 'Submitted batch job 4773854'.

[Fri Sep 18 13:58:48 2020]
rule add_evo_info:
    input: output/PCA/ALL/ALL_0.01.eigenvec.var
    output: output/PCA/ALL/ALL_0.01.eigenvec.var.evo
    jobid: 25
    wildcards: POP=ALL, MAF=0.01

Submitted job 25 with external jobid 'Submitted batch job 4773855'.

[Fri Sep 18 13:58:48 2020]
rule add_evo_info:
    input: output/PCA/EUR/EUR_0.01.eigenvec.var
    output: output/PCA/EUR/EUR_0.01.eigenvec.var.evo
    jobid: 29
    wildcards: POP=EUR, MAF=0.01

Submitted job 29 with external jobid 'Submitted batch job 4773856'.

[Fri Sep 18 13:58:48 2020]
rule plot_pca:
    input: output/PCA/EUR/EUR_0.01.eigenvec
    output: output/figures/EUR/EUR_0.01_PCA.png
    jobid: 3
    wildcards: POP=EUR, MAF=0.01

Submitted job 3 with external jobid 'Submitted batch job 4773857'.

[Fri Sep 18 13:58:49 2020]
rule add_evo_info:
    input: output/PCA/AFR/AFR_0.01.eigenvec.var
    output: output/PCA/AFR/AFR_0.01.eigenvec.var.evo
    jobid: 33
    wildcards: POP=AFR, MAF=0.01

Submitted job 33 with external jobid 'Submitted batch job 4773858'.

[Fri Sep 18 13:58:49 2020]
rule plot_pca:
    input: output/PCA/AA/AA_0.01.eigenvec
    output: output/figures/AA/AA_0.01_PCA.png
    jobid: 7
    wildcards: POP=AA, MAF=0.01

Submitted job 7 with external jobid 'Submitted batch job 4773859'.

[Fri Sep 18 13:58:49 2020]
rule LD_pruning:
    input: output/PCA/EUR/EUR_0.01.eigenvec.var.evo
    output: output/pruned/EUR/EUR_0.01.50_5_0.5.DA.prune.in
    jobid: 30
    wildcards: POP=EUR, MAF=0.01, window=50, step=5, thresh=0.5


        cut -f2,25 -d',' output/PCA/EUR/EUR_0.01.eigenvec.var.evo > all_ss.temp
	awk '$2 != "NA"' FS=',' all_ss.temp | cut -f1 -d',' > all_ss.snps #Pick only D/A SNPs and get rsID 
        plink         --noweb         --bfile ../../data/1kg/plink-files/files/ALL.phase3_shapeit2_mvncall_integrated_v5a.20130502.genotypes         --extract all_ss.snps         --make-bed         --out all_ss_plink 
        plink         --bfile all_ss_plink         --indep-pairwise 50 5 0.5         --noweb         --out "output/pruned/EUR/EUR_0.01.50_5_0.5.DA"
	rm all_ss*
        
Submitted job 30 with external jobid 'Submitted batch job 4773860'.

[Fri Sep 18 13:58:50 2020]
rule LD_pruning:
    input: output/PCA/AFR/AFR_0.01.eigenvec.var.evo
    output: output/pruned/AFR/AFR_0.01.50_5_0.5.DA.prune.in
    jobid: 34
    wildcards: POP=AFR, MAF=0.01, window=50, step=5, thresh=0.5


        cut -f2,25 -d',' output/PCA/AFR/AFR_0.01.eigenvec.var.evo > all_ss.temp
	awk '$2 != "NA"' FS=',' all_ss.temp | cut -f1 -d',' > all_ss.snps #Pick only D/A SNPs and get rsID 
        plink         --noweb         --bfile ../../data/1kg/plink-files/files/ALL.phase3_shapeit2_mvncall_integrated_v5a.20130502.genotypes         --extract all_ss.snps         --make-bed         --out all_ss_plink 
        plink         --bfile all_ss_plink         --indep-pairwise 50 5 0.5         --noweb         --out "output/pruned/AFR/AFR_0.01.50_5_0.5.DA"
	rm all_ss*
        
Submitted job 34 with external jobid 'Submitted batch job 4773861'.

[Fri Sep 18 13:58:50 2020]
rule LD_pruning:
    input: output/PCA/AA/AA_0.01.eigenvec.var.evo
    output: output/pruned/AA/AA_0.01.50_5_0.5.DA.prune.in
    jobid: 38
    wildcards: POP=AA, MAF=0.01, window=50, step=5, thresh=0.5


        cut -f2,25 -d',' output/PCA/AA/AA_0.01.eigenvec.var.evo > all_ss.temp
	awk '$2 != "NA"' FS=',' all_ss.temp | cut -f1 -d',' > all_ss.snps #Pick only D/A SNPs and get rsID 
        plink         --noweb         --bfile ../../data/1kg/plink-files/files/ALL.phase3_shapeit2_mvncall_integrated_v5a.20130502.genotypes         --extract all_ss.snps         --make-bed         --out all_ss_plink 
        plink         --bfile all_ss_plink         --indep-pairwise 50 5 0.5         --noweb         --out "output/pruned/AA/AA_0.01.50_5_0.5.DA"
	rm all_ss*
        
Submitted job 38 with external jobid 'Submitted batch job 4773862'.

[Fri Sep 18 13:58:50 2020]
rule LD_pruning:
    input: output/PCA/EAS/EAS_0.01.eigenvec.var.evo
    output: output/pruned/EAS/EAS_0.01.50_5_0.5.DA.prune.in
    jobid: 28
    wildcards: POP=EAS, MAF=0.01, window=50, step=5, thresh=0.5


        cut -f2,25 -d',' output/PCA/EAS/EAS_0.01.eigenvec.var.evo > all_ss.temp
	awk '$2 != "NA"' FS=',' all_ss.temp | cut -f1 -d',' > all_ss.snps #Pick only D/A SNPs and get rsID 
        plink         --noweb         --bfile ../../data/1kg/plink-files/files/ALL.phase3_shapeit2_mvncall_integrated_v5a.20130502.genotypes         --extract all_ss.snps         --make-bed         --out all_ss_plink 
        plink         --bfile all_ss_plink         --indep-pairwise 50 5 0.5         --noweb         --out "output/pruned/EAS/EAS_0.01.50_5_0.5.DA"
	rm all_ss*
        
Submitted job 28 with external jobid 'Submitted batch job 4773863'.

[Fri Sep 18 13:58:50 2020]
rule LD_pruning:
    input: output/PCA/SAS/SAS_0.01.eigenvec.var.evo
    output: output/pruned/SAS/SAS_0.01.50_5_0.5.DA.prune.in
    jobid: 32
    wildcards: POP=SAS, MAF=0.01, window=50, step=5, thresh=0.5


        cut -f2,25 -d',' output/PCA/SAS/SAS_0.01.eigenvec.var.evo > all_ss.temp
	awk '$2 != "NA"' FS=',' all_ss.temp | cut -f1 -d',' > all_ss.snps #Pick only D/A SNPs and get rsID 
        plink         --noweb         --bfile ../../data/1kg/plink-files/files/ALL.phase3_shapeit2_mvncall_integrated_v5a.20130502.genotypes         --extract all_ss.snps         --make-bed         --out all_ss_plink 
        plink         --bfile all_ss_plink         --indep-pairwise 50 5 0.5         --noweb         --out "output/pruned/SAS/SAS_0.01.50_5_0.5.DA"
	rm all_ss*
        
Submitted job 32 with external jobid 'Submitted batch job 4773864'.

[Fri Sep 18 13:58:51 2020]
rule LD_pruning:
    input: output/PCA/AMR/AMR_0.01.eigenvec.var.evo
    output: output/pruned/AMR/AMR_0.01.50_5_0.5.DA.prune.in
    jobid: 36
    wildcards: POP=AMR, MAF=0.01, window=50, step=5, thresh=0.5


        cut -f2,25 -d',' output/PCA/AMR/AMR_0.01.eigenvec.var.evo > all_ss.temp
	awk '$2 != "NA"' FS=',' all_ss.temp | cut -f1 -d',' > all_ss.snps #Pick only D/A SNPs and get rsID 
        plink         --noweb         --bfile ../../data/1kg/plink-files/files/ALL.phase3_shapeit2_mvncall_integrated_v5a.20130502.genotypes         --extract all_ss.snps         --make-bed         --out all_ss_plink 
        plink         --bfile all_ss_plink         --indep-pairwise 50 5 0.5         --noweb         --out "output/pruned/AMR/AMR_0.01.50_5_0.5.DA"
	rm all_ss*
        
Submitted job 36 with external jobid 'Submitted batch job 4773865'.

[Fri Sep 18 13:58:51 2020]
rule LD_pruning:
    input: output/PCA/MX/MX_0.01.eigenvec.var.evo
    output: output/pruned/MX/MX_0.01.50_5_0.5.DA.prune.in
    jobid: 40
    wildcards: POP=MX, MAF=0.01, window=50, step=5, thresh=0.5


        cut -f2,25 -d',' output/PCA/MX/MX_0.01.eigenvec.var.evo > all_ss.temp
	awk '$2 != "NA"' FS=',' all_ss.temp | cut -f1 -d',' > all_ss.snps #Pick only D/A SNPs and get rsID 
        plink         --noweb         --bfile ../../data/1kg/plink-files/files/ALL.phase3_shapeit2_mvncall_integrated_v5a.20130502.genotypes         --extract all_ss.snps         --make-bed         --out all_ss_plink 
        plink         --bfile all_ss_plink         --indep-pairwise 50 5 0.5         --noweb         --out "output/pruned/MX/MX_0.01.50_5_0.5.DA"
	rm all_ss*
        
Submitted job 40 with external jobid 'Submitted batch job 4773866'.

[Fri Sep 18 13:58:51 2020]
rule LD_pruning:
    input: output/PCA/ALL/ALL_0.01.eigenvec.var.evo
    output: output/pruned/ALL/ALL_0.01.50_5_0.5.DA.prune.in
    jobid: 26
    wildcards: POP=ALL, MAF=0.01, window=50, step=5, thresh=0.5


        cut -f2,25 -d',' output/PCA/ALL/ALL_0.01.eigenvec.var.evo > all_ss.temp
	awk '$2 != "NA"' FS=',' all_ss.temp | cut -f1 -d',' > all_ss.snps #Pick only D/A SNPs and get rsID 
        plink         --noweb         --bfile ../../data/1kg/plink-files/files/ALL.phase3_shapeit2_mvncall_integrated_v5a.20130502.genotypes         --extract all_ss.snps         --make-bed         --out all_ss_plink 
        plink         --bfile all_ss_plink         --indep-pairwise 50 5 0.5         --noweb         --out "output/pruned/ALL/ALL_0.01.50_5_0.5.DA"
	rm all_ss*
        
Submitted job 26 with external jobid 'Submitted batch job 4773867'.

[Fri Sep 18 13:58:52 2020]
rule plot_loadings:
    input: output/PCA/AA/AA_0.01.eigenvec.var.evo, output/pruned/AA/AA_0.01.50_5_0.5.DA.prune.in
    output: output/figures/AA/AA_0.01.50_5_0.5.png
    jobid: 15
    wildcards: POP=AA, MAF=0.01, window=50, step=5, thresh=0.5

Submitted job 15 with external jobid 'Submitted batch job 4773868'.

[Fri Sep 18 13:58:52 2020]
rule plot_loadings:
    input: output/PCA/SAS/SAS_0.01.eigenvec.var.evo, output/pruned/SAS/SAS_0.01.50_5_0.5.DA.prune.in
    output: output/figures/SAS/SAS_0.01.50_5_0.5.png
    jobid: 12
    wildcards: POP=SAS, MAF=0.01, window=50, step=5, thresh=0.5

Submitted job 12 with external jobid 'Submitted batch job 4773869'.

[Fri Sep 18 13:58:52 2020]
rule plot_loadings:
    input: output/PCA/MX/MX_0.01.eigenvec.var.evo, output/pruned/MX/MX_0.01.50_5_0.5.DA.prune.in
    output: output/figures/MX/MX_0.01.50_5_0.5.png
    jobid: 16
    wildcards: POP=MX, MAF=0.01, window=50, step=5, thresh=0.5

Submitted job 16 with external jobid 'Submitted batch job 4773870'.

[Fri Sep 18 13:58:52 2020]
rule plot_loadings:
    input: output/PCA/ALL/ALL_0.01.eigenvec.var.evo, output/pruned/ALL/ALL_0.01.50_5_0.5.DA.prune.in
    output: output/figures/ALL/ALL_0.01.50_5_0.5.png
    jobid: 9
    wildcards: POP=ALL, MAF=0.01, window=50, step=5, thresh=0.5

Submitted job 9 with external jobid 'Submitted batch job 4773871'.

[Fri Sep 18 13:58:53 2020]
rule plot_loadings:
    input: output/PCA/AFR/AFR_0.01.eigenvec.var.evo, output/pruned/AFR/AFR_0.01.50_5_0.5.DA.prune.in
    output: output/figures/AFR/AFR_0.01.50_5_0.5.png
    jobid: 13
    wildcards: POP=AFR, MAF=0.01, window=50, step=5, thresh=0.5

Submitted job 13 with external jobid 'Submitted batch job 4773872'.

[Fri Sep 18 13:58:53 2020]
rule plot_loadings:
    input: output/PCA/EAS/EAS_0.01.eigenvec.var.evo, output/pruned/EAS/EAS_0.01.50_5_0.5.DA.prune.in
    output: output/figures/EAS/EAS_0.01.50_5_0.5.png
    jobid: 10
    wildcards: POP=EAS, MAF=0.01, window=50, step=5, thresh=0.5

Submitted job 10 with external jobid 'Submitted batch job 4773873'.

[Fri Sep 18 13:58:53 2020]
rule plot_loadings:
    input: output/PCA/EUR/EUR_0.01.eigenvec.var.evo, output/pruned/EUR/EUR_0.01.50_5_0.5.DA.prune.in
    output: output/figures/EUR/EUR_0.01.50_5_0.5.png
    jobid: 11
    wildcards: POP=EUR, MAF=0.01, window=50, step=5, thresh=0.5

Submitted job 11 with external jobid 'Submitted batch job 4773874'.

[Fri Sep 18 13:58:53 2020]
rule plot_loadings:
    input: output/PCA/AMR/AMR_0.01.eigenvec.var.evo, output/pruned/AMR/AMR_0.01.50_5_0.5.DA.prune.in
    output: output/figures/AMR/AMR_0.01.50_5_0.5.png
    jobid: 14
    wildcards: POP=AMR, MAF=0.01, window=50, step=5, thresh=0.5

Submitted job 14 with external jobid 'Submitted batch job 4773875'.

[Fri Sep 18 13:58:54 2020]
localrule all:
    input: output/figures/ALL/ALL_0.01_PCA.png, output/figures/EAS/EAS_0.01_PCA.png, output/figures/EUR/EUR_0.01_PCA.png, output/figures/SAS/SAS_0.01_PCA.png, output/figures/AFR/AFR_0.01_PCA.png, output/figures/AMR/AMR_0.01_PCA.png, output/figures/AA/AA_0.01_PCA.png, output/figures/MX/MX_0.01_PCA.png, output/figures/ALL/ALL_0.01.50_5_0.5.png, output/figures/EAS/EAS_0.01.50_5_0.5.png, output/figures/EUR/EUR_0.01.50_5_0.5.png, output/figures/SAS/SAS_0.01.50_5_0.5.png, output/figures/AFR/AFR_0.01.50_5_0.5.png, output/figures/AMR/AMR_0.01.50_5_0.5.png, output/figures/AA/AA_0.01.50_5_0.5.png, output/figures/MX/MX_0.01.50_5_0.5.png
    jobid: 0

Submitted job 0 with external jobid 'Submitted batch job 4773876'.
Complete log: /project2/jjberg/jgblanc/PCA/.snakemake/log/2020-09-18T135842.128456.snakemake.log
