Building DAG of jobs...
Using shell: /bin/bash
Provided cores: 56
Rules claiming more threads will be scaled down.
Job counts:
	count	jobs
	1	LD_pruning
	1	add_evo_info
	1	plot_loadings
	3

[Tue Sep 15 10:23:16 2020]
rule add_evo_info:
    input: output/PCA/SAS/SAS_0.01.eigenvec.var
    output: output/PCA/SAS/SAS_0.01.eigenvec.var.evo
    jobid: 1
    wildcards: POP=SAS, MAF=0.01

[Tue Sep 15 10:27:04 2020]
Finished job 1.
1 of 3 steps (33%) done

[Tue Sep 15 10:27:04 2020]
rule LD_pruning:
    input: output/PCA/SAS/SAS_0.01.eigenvec.var.evo
    output: output/pruned/SAS/SAS_0.01.50_5_0.5.DA.prune.in
    jobid: 2
    wildcards: POP=SAS, MAF=0.01, window=50, step=5, thresh=0.5

[Tue Sep 15 10:30:04 2020]
Finished job 2.
2 of 3 steps (67%) done

[Tue Sep 15 10:30:04 2020]
rule plot_loadings:
    input: output/PCA/SAS/SAS_0.01.eigenvec.var.evo, output/pruned/SAS/SAS_0.01.50_5_0.5.DA.prune.in
    output: output/figures/SAS/SAS_0.01.50_5_0.5.png
    jobid: 0
    wildcards: POP=SAS, MAF=0.01, window=50, step=5, thresh=0.5

[Tue Sep 15 10:30:22 2020]
Finished job 0.
3 of 3 steps (100%) done
Complete log: /project2/jjberg/jgblanc/PCA/.snakemake/log/2020-09-15T102314.088888.snakemake.log
