Building DAG of jobs...
Using shell: /bin/bash
Provided cores: 56
Rules claiming more threads will be scaled down.
Job counts:
	count	jobs
	1	LD_pruning
	1	add_evo_info
	1	plot_loadings
	1	run_pca
	4

[Tue Sep 15 11:56:28 2020]
rule run_pca:
    input: 1kg_IDS/ASW.txt
    output: output/PCA/ASW/ASW_0.01.eigenvec.var
    jobid: 3
    wildcards: POP=ASW, MAF=0.01

[Tue Sep 15 11:56:28 2020]
Error in rule run_pca:
    jobid: 3
    output: output/PCA/ASW/ASW_0.01.eigenvec.var
    shell:
        plink -bcf ../../data/1kg/bcf/ALL.chr1.phase3_shapeit2_mvncall_integrated_v5.20130502.genotypes.bcf --keep 1kg_IDS/ASW.txt --double-id --pca var-wts --out output/PCA/ASW/ASW_0.01 --maf 0.01 --no-sex --allow-extra-chr --noweb
        (one of the commands exited with non-zero exit code; note that snakemake uses bash strict mode!)

Shutting down, this might take some time.
Exiting because a job execution failed. Look above for error message
Complete log: /project2/jjberg/jgblanc/PCA/.snakemake/log/2020-09-15T115627.916367.snakemake.log
