Building DAG of jobs...
Using shell: /bin/bash
Provided cores: 1 (use --cores to define parallelism)
Rules claiming more threads will be scaled down.
Job counts:
	count	jobs
	1	LD_pruning
	1	add_evo_info
	1	all
	1	plot_loadings
	1	plot_pca
	1	run_pca
	6

[Thu Sep 17 17:19:09 2020]
rule plot_pca:
    input: output/PCA/ALL/ALL_0.01.eigenvec
    output: output/figures/ALL/ALL_0.01_PCA.png
    jobid: 1
    wildcards: POP=ALL, MAF=0.01

[Thu Sep 17 17:19:21 2020]
Finished job 1.
1 of 6 steps (17%) done

[Thu Sep 17 17:19:21 2020]
rule run_pca:
    input: 1kg_IDS/ALL.txt
    output: output/PCA/ALL/ALL_0.01.eigenvec.var
    jobid: 5
    wildcards: POP=ALL, MAF=0.01

Terminating processes on user request, this might take some time.
[Thu Sep 17 18:49:18 2020]
Error in rule run_pca:
    jobid: 5
    output: output/PCA/ALL/ALL_0.01.eigenvec.var
    shell:
        plink -bfile ../../data/1kg/plink-files/files/ALL.phase3_shapeit2_mvncall_integrated_v5a.20130502.genotypes --keep 1kg_IDS/ALL.txt --pca var-wts --out output/PCA/ALL/ALL_0.01 --maf 0.01 --no-sex  --noweb --no-pheno
        (one of the commands exited with non-zero exit code; note that snakemake uses bash strict mode!)

Complete log: /project2/jjberg/jgblanc/PCA/.snakemake/log/2020-09-17T171906.944966.snakemake.log
