Building DAG of jobs...
Using shell: /bin/bash
Provided cores: 1 (use --cores to define parallelism)
Rules claiming more threads will be scaled down.
Job counts:
	count	jobs
	1	run_pca
	1

[Fri Sep 11 16:37:04 2020]
rule run_pca:
    input: 1kg_IDS/ALL.txt
    output: output/PCA/ALL/ALL_0.01.eigenvec.var
    jobid: 0
    wildcards: POP=ALL, MAF=0.01

[Fri Sep 11 16:37:04 2020]
Error in rule run_pca:
    jobid: 0
    output: output/PCA/ALL/ALL_0.01.eigenvec.var
    shell:
        plink -bcf ../../data/1kg/bcf/ALL.chr1.phase3_shapeit2_mvncall_integrated_v5.20130502.genotypes.bcf --keep 1kg_IDS/ALL.txt --double-id --pca var-wts --out output/ALL/ALL_0.01 --maf 0.01 --no-sex
        (one of the commands exited with non-zero exit code; note that snakemake uses bash strict mode!)

Shutting down, this might take some time.
Exiting because a job execution failed. Look above for error message
Complete log: /project2/jjberg/jgblanc/PCA/.snakemake/log/2020-09-11T163704.650307.snakemake.log
