Building DAG of jobs...
Using shell: /bin/bash
Provided cores: 56
Rules claiming more threads will be scaled down.
Job counts:
	count	jobs
	1	LD_pruning
	1	add_evo_info
	1	plot_loadings
	1	run_pca
	4

[Tue Sep 15 12:11:12 2020]
rule run_pca:
    input: 1kg_IDS/MXL.txt
    output: output/PCA/MXL/MXL_0.01.eigenvec.var
    jobid: 3
    wildcards: POP=MXL, MAF=0.01

[Tue Sep 15 12:14:42 2020]
Finished job 3.
1 of 4 steps (25%) done

[Tue Sep 15 12:14:42 2020]
rule add_evo_info:
    input: output/PCA/MXL/MXL_0.01.eigenvec.var
    output: output/PCA/MXL/MXL_0.01.eigenvec.var.evo
    jobid: 1
    wildcards: POP=MXL, MAF=0.01

[Tue Sep 15 12:19:37 2020]
Finished job 1.
2 of 4 steps (50%) done

[Tue Sep 15 12:19:37 2020]
rule LD_pruning:
    input: output/PCA/MXL/MXL_0.01.eigenvec.var.evo
    output: output/pruned/MXL/MXL_0.01.50_5_0.5.DA.prune.in
    jobid: 2
    wildcards: POP=MXL, MAF=0.01, window=50, step=5, thresh=0.5

[Tue Sep 15 12:23:23 2020]
Finished job 2.
3 of 4 steps (75%) done

[Tue Sep 15 12:23:23 2020]
rule plot_loadings:
    input: output/PCA/MXL/MXL_0.01.eigenvec.var.evo, output/pruned/MXL/MXL_0.01.50_5_0.5.DA.prune.in
    output: output/figures/MXL/MXL_0.01.50_5_0.5.png
    jobid: 0
    wildcards: POP=MXL, MAF=0.01, window=50, step=5, thresh=0.5

[Tue Sep 15 12:23:36 2020]
Finished job 0.
4 of 4 steps (100%) done
Complete log: /project2/jjberg/jgblanc/PCA/.snakemake/log/2020-09-15T121112.226389.snakemake.log
