Building DAG of jobs...
Using shell: /bin/bash
Provided cores: 56
Rules claiming more threads will be scaled down.
Job counts:
	count	jobs
	1	run_pca
	1

[Thu Sep 17 15:09:58 2020]
rule run_pca:
    input: 1kg_IDS/EUR.txt
    output: output/PCA/EUR/EUR_0.01.eigenvec.var
    jobid: 0
    wildcards: POP=EUR, MAF=0.01

[Thu Sep 17 15:10:18 2020]
Error in rule run_pca:
    jobid: 0
    output: output/PCA/EUR/EUR_0.01.eigenvec.var
    shell:
        plink -bfile ../../data/1kg/plink-files/files/ALL.phase3_shapeit2_mvncall_integrated_v5a.20130502.genotypes --keep 1kg_IDS/EUR.txt --pca var-wts --out output/PCA/EUR/EUR_0.01 --maf 0.01 --no-sex  --noweb
        (one of the commands exited with non-zero exit code; note that snakemake uses bash strict mode!)

Shutting down, this might take some time.
Exiting because a job execution failed. Look above for error message
Complete log: /project2/jjberg/jgblanc/PCA/.snakemake/log/2020-09-17T150958.466966.snakemake.log
