Building DAG of jobs...
Using shell: /bin/bash
Provided cores: 1 (use --cores to define parallelism)
Rules claiming more threads will be scaled down.
Job counts:
	count	jobs
	1	plot_pca
	1

[Sun Sep 20 21:03:58 2020]
rule plot_pca:
    input: output/PCA/MX/MX_0.01.eigenvec
    output: output/figures/MX/MX_0.01_PCA.png
    jobid: 0
    wildcards: POP=MX, MAF=0.01

Rscript --vanilla /project2/jjberg/jgblanc/PCA/.snakemake/scripts/tmp5d99iq5d.plot_PCA.R
── Attaching packages ─────────────────────────────────────── tidyverse 1.3.0 ──
✔ ggplot2 3.2.1     ✔ purrr   0.3.4
✔ tibble  2.1.3     ✔ dplyr   0.8.3
✔ tidyr   1.1.0     ✔ stringr 1.4.0
✔ readr   1.3.1     ✔ forcats 0.4.0
── Conflicts ────────────────────────────────────────── tidyverse_conflicts() ──
✖ dplyr::filter() masks stats::filter()
✖ dplyr::lag()    masks stats::lag()

Attaching package: ‘data.table’

The following objects are masked from ‘package:dplyr’:

    between, first, last

The following object is masked from ‘package:purrr’:

    transpose

Saving 7 x 7 in image
[Sun Sep 20 21:04:02 2020]
Finished job 0.
1 of 1 steps (100%) done
