Building DAG of jobs...
Using shell: /bin/bash
Provided cores: 1 (use --cores to define parallelism)
Rules claiming more threads will be scaled down.
Job counts:
	count	jobs
	1	plot_loadings
	1

[Fri Sep 18 14:13:25 2020]
rule plot_loadings:
    input: output/PCA/EAS/EAS_0.01.eigenvec.var.evo, output/pruned/EAS/EAS_0.01.50_5_0.5.DA.prune.in
    output: output/figures/EAS/EAS_0.01.50_5_0.5.png
    jobid: 0
    wildcards: POP=EAS, MAF=0.01, window=50, step=5, thresh=0.5

Rscript --vanilla /project2/jjberg/jgblanc/PCA/.snakemake/scripts/tmp8t3klsaz.plot_loadings.R
── Attaching packages ─────────────────────────────────────── tidyverse 1.3.0 ──
✔ ggplot2 3.2.1     ✔ purrr   0.3.4
✔ tibble  2.1.3     ✔ dplyr   0.8.3
✔ tidyr   1.1.0     ✔ stringr 1.4.0
✔ readr   1.3.1     ✔ forcats 0.4.0
── Conflicts ────────────────────────────────────────── tidyverse_conflicts() ──
✖ dplyr::between()   masks data.table::between()
✖ dplyr::filter()    masks stats::filter()
✖ dplyr::first()     masks data.table::first()
✖ dplyr::lag()       masks stats::lag()
✖ dplyr::last()      masks data.table::last()
✖ purrr::transpose() masks data.table::transpose()
Saving 7 x 7 in image
Warning messages:
1: Removed 20 rows containing missing values (geom_point). 
2: Removed 20 rows containing missing values (geom_errorbarh). 
[Fri Sep 18 14:14:36 2020]
Finished job 0.
1 of 1 steps (100%) done
